<?xml version="1.0" encoding="UTF-8"?>
<testng-results ignored="0" total="1" passed="1" failed="0" skipped="0">
  <reporter-output>
  </reporter-output>
  <suite started-at="2023-03-04T15:29:25 GST" name="Surefire suite" finished-at="2023-03-04T15:29:25 GST" duration-ms="26">
    <groups>
    </groups>
    <test started-at="2023-03-04T15:29:25 GST" name="Surefire test" finished-at="2023-03-04T15:29:25 GST" duration-ms="26">
      <class name="Pages.AppTest">
        <test-method signature="shouldAnswerWithTrue()[pri:0, instance:Pages.AppTest@41ee392b]" started-at="2023-03-04T15:29:25 GST" name="shouldAnswerWithTrue" finished-at="2023-03-04T15:29:25 GST" duration-ms="5" status="PASS">
          <reporter-output>
          </reporter-output>
        </test-method> <!-- shouldAnswerWithTrue -->
      </class> <!-- Pages.AppTest -->
    </test> <!-- Surefire test -->
  </suite> <!-- Surefire suite -->
</testng-results>
